# JRE version: OpenJDK Runtime Environment (11.0.10) (build 11.0.10+0-b96-7249189)
# Java VM: OpenJDK 64-Bit Server VM (11.0.10+0-b96-7249189, mixed mode, tiered, compressed oops, g1 gc, windows-amd64)
Heap:
 garbage-first heap   total 742400K, used 259072K [0x0000000080000000, 0x0000000100000000)
  region size 1024K, 9 young (9216K), 9 survivors (9216K)
 Metaspace       used 99702K, capacity 102309K, committed 103296K, reserved 1138688K
  class space    used 13115K, capacity 14096K, committed 14464K, reserved 1048576K
GC Heap History (20 events):
Event: 13.792 GC heap after
{Heap after GC invocations=19 (full 0):
 garbage-first heap   total 258048K, used 153600K [0x0000000080000000, 0x0000000100000000)
  region size 1024K, 9 young (9216K), 9 survivors (9216K)
 Metaspace       used 94542K, capacity 97453K, committed 97536K, reserved 1132544K
  class space    used 12454K, capacity 13514K, committed 13568K, reserved 1048576K
}
Event: 13.865 GC heap before
{Heap before GC invocations=19 (full 0):
 garbage-first heap   total 258048K, used 203776K [0x0000000080000000, 0x0000000100000000)
  region size 1024K, 58 young (59392K), 9 survivors (9216K)
 Metaspace       used 94747K, capacity 97651K, committed 97792K, reserved 1134592K
  class space    used 12463K, capacity 13516K, committed 13568K, reserved 1048576K
}
Event: 13.881 GC heap after
{Heap after GC invocations=20 (full 0):
 garbage-first heap   total 258048K, used 165189K [0x0000000080000000, 0x0000000100000000)
  region size 1024K, 8 young (8192K), 8 survivors (8192K)
 Metaspace       used 94747K, capacity 97651K, committed 97792K, reserved 1134592K
  class space    used 12463K, capacity 13516K, committed 13568K, reserved 1048576K
}
Event: 13.968 GC heap before
{Heap before GC invocations=20 (full 0):
 garbage-first heap   total 258048K, used 207173K [0x0000000080000000, 0x0000000100000000)
  region size 1024K, 49 young (50176K), 8 survivors (8192K)
 Metaspace       used 94233K, capacity 96625K, committed 98176K, reserved 1134592K
  class space    used 12243K, capacity 13123K, committed 13696K, reserved 1048576K
}
Event: 13.987 GC heap after
{Heap after GC invocations=21 (full 0):
 garbage-first heap   total 310272K, used 176100K [0x0000000080000000, 0x0000000100000000)
  region size 1024K, 7 young (7168K), 7 survivors (7168K)
 Metaspace       used 94233K, capacity 96625K, committed 98176K, reserved 1134592K
  class space    used 12243K, capacity 13123K, committed 13696K, reserved 1048576K
}
Event: 14.081 GC heap before
{Heap before GC invocations=22 (full 0):
 garbage-first heap   total 310272K, used 237540K [0x0000000080000000, 0x0000000100000000)
  region size 1024K, 68 young (69632K), 7 survivors (7168K)
 Metaspace       used 94819K, capacity 97224K, committed 98816K, reserved 1134592K
  class space    used 12360K, capacity 13256K, committed 13824K, reserved 1048576K
}
Event: 14.097 GC heap after
{Heap after GC invocations=23 (full 0):
 garbage-first heap   total 310272K, used 189271K [0x0000000080000000, 0x0000000100000000)
  region size 1024K, 9 young (9216K), 9 survivors (9216K)
 Metaspace       used 94819K, capacity 97224K, committed 98816K, reserved 1134592K
  class space    used 12360K, capacity 13256K, committed 13824K, reserved 1048576K
}
Event: 14.160 GC heap before
{Heap before GC invocations=23 (full 0):
 garbage-first heap   total 310272K, used 245591K [0x0000000080000000, 0x0000000100000000)
  region size 1024K, 65 young (66560K), 9 survivors (9216K)
 Metaspace       used 96035K, capacity 98551K, committed 99840K, reserved 1134592K
  class space    used 12607K, capacity 13530K, committed 14080K, reserved 1048576K
}
Event: 14.176 GC heap after
{Heap after GC invocations=24 (full 0):
 garbage-first heap   total 310272K, used 201322K [0x0000000080000000, 0x0000000100000000)
  region size 1024K, 9 young (9216K), 9 survivors (9216K)
 Metaspace       used 96035K, capacity 98551K, committed 99840K, reserved 1134592K
  class space    used 12607K, capacity 13530K, committed 14080K, reserved 1048576K
}
Event: 14.260 GC heap before
{Heap before GC invocations=24 (full 0):
 garbage-first heap   total 310272K, used 251498K [0x0000000080000000, 0x0000000100000000)
  region size 1024K, 58 young (59392K), 9 survivors (9216K)
 Metaspace       used 97083K, capacity 99635K, committed 100736K, reserved 1136640K
  class space    used 12775K, capacity 13720K, committed 14208K, reserved 1048576K
}
Event: 14.274 GC heap after
{Heap after GC invocations=25 (full 0):
 garbage-first heap   total 310272K, used 210775K [0x0000000080000000, 0x0000000100000000)
  region size 1024K, 8 young (8192K), 8 survivors (8192K)
 Metaspace       used 97083K, capacity 99635K, committed 100736K, reserved 1136640K
  class space    used 12775K, capacity 13720K, committed 14208K, reserved 1048576K
}
Event: 14.364 GC heap before
{Heap before GC invocations=25 (full 0):
 garbage-first heap   total 310272K, used 254807K [0x0000000080000000, 0x0000000100000000)
  region size 1024K, 52 young (53248K), 8 survivors (8192K)
 Metaspace       used 97971K, capacity 100646K, committed 101632K, reserved 1136640K
  class space    used 12925K, capacity 13907K, committed 14336K, reserved 1048576K
}
Event: 14.379 GC heap after
{Heap after GC invocations=26 (full 0):
 garbage-first heap   total 403456K, used 218501K [0x0000000080000000, 0x0000000100000000)
  region size 1024K, 7 young (7168K), 7 survivors (7168K)
 Metaspace       used 97971K, capacity 100646K, committed 101632K, reserved 1136640K
  class space    used 12925K, capacity 13907K, committed 14336K, reserved 1048576K
}
Event: 14.554 GC heap before
{Heap before GC invocations=27 (full 0):
 garbage-first heap   total 403456K, used 294277K [0x0000000080000000, 0x0000000100000000)
  region size 1024K, 82 young (83968K), 7 survivors (7168K)
 Metaspace       used 98667K, capacity 101272K, committed 102144K, reserved 1136640K
  class space    used 12995K, capacity 13957K, committed 14336K, reserved 1048576K
}
Event: 14.569 GC heap after
{Heap after GC invocations=28 (full 0):
 garbage-first heap   total 403456K, used 229302K [0x0000000080000000, 0x0000000100000000)
  region size 1024K, 11 young (11264K), 11 survivors (11264K)
 Metaspace       used 98667K, capacity 101272K, committed 102144K, reserved 1136640K
  class space    used 12995K, capacity 13957K, committed 14336K, reserved 1048576K
}
Event: 14.679 GC heap before
{Heap before GC invocations=28 (full 0):
 garbage-first heap   total 403456K, used 306102K [0x0000000080000000, 0x0000000100000000)
  region size 1024K, 86 young (88064K), 11 survivors (11264K)
 Metaspace       used 99386K, capacity 101982K, committed 102784K, reserved 1138688K
  class space    used 13120K, capacity 14129K, committed 14464K, reserved 1048576K
}
Event: 14.697 GC heap after
{Heap after GC invocations=29 (full 0):
 garbage-first heap   total 403456K, used 239011K [0x0000000080000000, 0x0000000100000000)
  region size 1024K, 10 young (10240K), 10 survivors (10240K)
 Metaspace       used 99386K, capacity 101982K, committed 102784K, reserved 1138688K
  class space    used 13120K, capacity 14129K, committed 14464K, reserved 1048576K
}
Event: 14.834 GC heap before
{Heap before GC invocations=29 (full 0):
 garbage-first heap   total 403456K, used 314787K [0x0000000080000000, 0x0000000100000000)
  region size 1024K, 84 young (86016K), 10 survivors (10240K)
 Metaspace       used 99593K, capacity 102266K, committed 103040K, reserved 1138688K
  class space    used 13128K, capacity 14131K, committed 14464K, reserved 1048576K
}
Event: 14.848 GC heap after
{Heap after GC invocations=30 (full 0):
 garbage-first heap   total 403456K, used 249856K [0x0000000080000000, 0x0000000100000000)
  region size 1024K, 11 young (11264K), 11 survivors (11264K)
 Metaspace       used 99593K, capacity 102266K, committed 103040K, reserved 1138688K
  class space    used 13128K, capacity 14131K, committed 14464K, reserved 1048576K
}
Event: 15.005 GC heap before
{Heap before GC invocations=30 (full 0):
 garbage-first heap   total 403456K, used 321536K [0x0000000080000000, 0x0000000100000000)
  region size 1024K, 82 young (83968K), 11 survivors (11264K)
 Metaspace       used 99702K, capacity 102309K, committed 103296K, reserved 1138688K
  class space    used 13115K, capacity 14096K, committed 14464K, reserved 1048576K
}

