# JRE version: OpenJDK Runtime Environment (11.0.10) (build 11.0.10+0-b96-7249189)
# Java VM: OpenJDK 64-Bit Server VM (11.0.10+0-b96-7249189, mixed mode, tiered, compressed oops, g1 gc, windows-amd64)
Heap:
 garbage-first heap   total 403456K, used 287517K [0x0000000080000000, 0x0000000100000000)
  region size 1024K, 73 young (74752K), 2 survivors (2048K)
 Metaspace       used 278159K, capacity 286720K, committed 286924K, reserved 1296384K
  class space    used 36689K, capacity 39804K, committed 39884K, reserved 1048576K
GC Heap History (20 events):
Event: 20221.462 GC heap before
{Heap before GC invocations=297 (full 0):
 garbage-first heap   total 258048K, used 174059K [0x0000000080000000, 0x0000000100000000)
  region size 1024K, 12 young (12288K), 8 survivors (8192K)
 Metaspace       used 278055K, capacity 286558K, committed 286668K, reserved 1296384K
  class space    used 36709K, capacity 39856K, committed 39884K, reserved 1048576K
}
Event: 20221.485 GC heap after
{Heap after GC invocations=298 (full 0):
 garbage-first heap   total 258048K, used 165323K [0x0000000080000000, 0x0000000100000000)
  region size 1024K, 2 young (2048K), 2 survivors (2048K)
 Metaspace       used 278055K, capacity 286558K, committed 286668K, reserved 1296384K
  class space    used 36709K, capacity 39856K, committed 39884K, reserved 1048576K
}
Event: 20221.563 GC heap before
{Heap before GC invocations=298 (full 0):
 garbage-first heap   total 258048K, used 210379K [0x0000000080000000, 0x0000000100000000)
  region size 1024K, 47 young (48128K), 2 survivors (2048K)
 Metaspace       used 278087K, capacity 286643K, committed 286668K, reserved 1296384K
  class space    used 36713K, capacity 39863K, committed 39884K, reserved 1048576K
}
Event: 20221.579 GC heap after
{Heap after GC invocations=299 (full 0):
 garbage-first heap   total 258048K, used 179909K [0x0000000080000000, 0x0000000100000000)
  region size 1024K, 6 young (6144K), 6 survivors (6144K)
 Metaspace       used 278087K, capacity 286643K, committed 286668K, reserved 1296384K
  class space    used 36713K, capacity 39863K, committed 39884K, reserved 1048576K
}
Event: 20221.656 GC heap before
{Heap before GC invocations=299 (full 0):
 garbage-first heap   total 258048K, used 211653K [0x0000000080000000, 0x0000000100000000)
  region size 1024K, 38 young (38912K), 6 survivors (6144K)
 Metaspace       used 278139K, capacity 286657K, committed 286924K, reserved 1296384K
  class space    used 36719K, capacity 39868K, committed 39884K, reserved 1048576K
}
Event: 20221.672 GC heap after
{Heap after GC invocations=300 (full 0):
 garbage-first heap   total 258048K, used 188315K [0x0000000080000000, 0x0000000100000000)
  region size 1024K, 5 young (5120K), 5 survivors (5120K)
 Metaspace       used 278139K, capacity 286657K, committed 286924K, reserved 1296384K
  class space    used 36719K, capacity 39868K, committed 39884K, reserved 1048576K
}
Event: 20221.744 GC heap before
{Heap before GC invocations=300 (full 0):
 garbage-first heap   total 258048K, used 215963K [0x0000000080000000, 0x0000000100000000)
  region size 1024K, 33 young (33792K), 5 survivors (5120K)
 Metaspace       used 278146K, capacity 286657K, committed 286924K, reserved 1296384K
  class space    used 36719K, capacity 39868K, committed 39884K, reserved 1048576K
}
Event: 20221.753 GC heap after
{Heap after GC invocations=301 (full 0):
 garbage-first heap   total 258048K, used 195584K [0x0000000080000000, 0x0000000100000000)
  region size 1024K, 4 young (4096K), 4 survivors (4096K)
 Metaspace       used 278146K, capacity 286657K, committed 286924K, reserved 1296384K
  class space    used 36719K, capacity 39868K, committed 39884K, reserved 1048576K
}
Event: 20222.082 GC heap before
{Heap before GC invocations=301 (full 0):
 garbage-first heap   total 258048K, used 217088K [0x0000000080000000, 0x0000000100000000)
  region size 1024K, 26 young (26624K), 4 survivors (4096K)
 Metaspace       used 278058K, capacity 286563K, committed 286924K, reserved 1296384K
  class space    used 36681K, capacity 39797K, committed 39884K, reserved 1048576K
}
Event: 20222.091 GC heap after
{Heap after GC invocations=302 (full 0):
 garbage-first heap   total 258048K, used 200321K [0x0000000080000000, 0x0000000100000000)
  region size 1024K, 4 young (4096K), 4 survivors (4096K)
 Metaspace       used 278058K, capacity 286563K, committed 286924K, reserved 1296384K
  class space    used 36681K, capacity 39797K, committed 39884K, reserved 1048576K
}
Event: 20222.114 GC heap before
{Heap before GC invocations=302 (full 0):
 garbage-first heap   total 258048K, used 218753K [0x0000000080000000, 0x0000000100000000)
  region size 1024K, 23 young (23552K), 4 survivors (4096K)
 Metaspace       used 278060K, capacity 286565K, committed 286924K, reserved 1296384K
  class space    used 36682K, capacity 39798K, committed 39884K, reserved 1048576K
}
Event: 20222.122 GC heap after
{Heap after GC invocations=303 (full 0):
 garbage-first heap   total 258048K, used 204746K [0x0000000080000000, 0x0000000100000000)
  region size 1024K, 3 young (3072K), 3 survivors (3072K)
 Metaspace       used 278060K, capacity 286565K, committed 286924K, reserved 1296384K
  class space    used 36682K, capacity 39798K, committed 39884K, reserved 1048576K
}
Event: 20222.155 GC heap before
{Heap before GC invocations=303 (full 0):
 garbage-first heap   total 258048K, used 220106K [0x0000000080000000, 0x0000000100000000)
  region size 1024K, 19 young (19456K), 3 survivors (3072K)
 Metaspace       used 278066K, capacity 286565K, committed 286924K, reserved 1296384K
  class space    used 36682K, capacity 39798K, committed 39884K, reserved 1048576K
}
Event: 20222.163 GC heap after
{Heap after GC invocations=304 (full 0):
 garbage-first heap   total 258048K, used 208836K [0x0000000080000000, 0x0000000100000000)
  region size 1024K, 3 young (3072K), 3 survivors (3072K)
 Metaspace       used 278066K, capacity 286565K, committed 286924K, reserved 1296384K
  class space    used 36682K, capacity 39798K, committed 39884K, reserved 1048576K
}
Event: 20222.190 GC heap before
{Heap before GC invocations=304 (full 0):
 garbage-first heap   total 258048K, used 221124K [0x0000000080000000, 0x0000000100000000)
  region size 1024K, 16 young (16384K), 3 survivors (3072K)
 Metaspace       used 278068K, capacity 286565K, committed 286924K, reserved 1296384K
  class space    used 36682K, capacity 39798K, committed 39884K, reserved 1048576K
}
Event: 20222.197 GC heap after
{Heap after GC invocations=305 (full 0):
 garbage-first heap   total 258048K, used 211568K [0x0000000080000000, 0x0000000100000000)
  region size 1024K, 2 young (2048K), 2 survivors (2048K)
 Metaspace       used 278068K, capacity 286565K, committed 286924K, reserved 1296384K
  class space    used 36682K, capacity 39798K, committed 39884K, reserved 1048576K
}
Event: 20222.218 GC heap before
{Heap before GC invocations=305 (full 0):
 garbage-first heap   total 258048K, used 222832K [0x0000000080000000, 0x0000000100000000)
  region size 1024K, 14 young (14336K), 2 survivors (2048K)
 Metaspace       used 278068K, capacity 286565K, committed 286924K, reserved 1296384K
  class space    used 36682K, capacity 39798K, committed 39884K, reserved 1048576K
}
Event: 20222.223 GC heap after
{Heap after GC invocations=306 (full 0):
 garbage-first heap   total 258048K, used 214785K [0x0000000080000000, 0x0000000100000000)
  region size 1024K, 2 young (2048K), 2 survivors (2048K)
 Metaspace       used 278068K, capacity 286565K, committed 286924K, reserved 1296384K
  class space    used 36682K, capacity 39798K, committed 39884K, reserved 1048576K
}
Event: 20222.246 GC heap before
{Heap before GC invocations=306 (full 0):
 garbage-first heap   total 258048K, used 224001K [0x0000000080000000, 0x0000000100000000)
  region size 1024K, 12 young (12288K), 2 survivors (2048K)
 Metaspace       used 278068K, capacity 286565K, committed 286924K, reserved 1296384K
  class space    used 36682K, capacity 39798K, committed 39884K, reserved 1048576K
}
Event: 20222.258 GC heap after
{Heap after GC invocations=307 (full 0):
 garbage-first heap   total 403456K, used 216861K [0x0000000080000000, 0x0000000100000000)
  region size 1024K, 2 young (2048K), 2 survivors (2048K)
 Metaspace       used 278068K, capacity 286565K, committed 286924K, reserved 1296384K
  class space    used 36682K, capacity 39798K, committed 39884K, reserved 1048576K
}

